platforms/android/app/build/outputs/logs/manifest-merger-debug-report.txt
-- Merging decision tree log ---
provider#nl.xservices.plugins.FileProvider
INJECTED from src\main\AndroidManifest.xml:42:9-44:20
	android:grantUriPermissions
		ADDED from src\main\AndroidManifest.xml:42:100-134
	android:authorities
		INJECTED from src\main\AndroidManifest.xml
		ADDED from src\main\AndroidManifest.xml:42:19-74
	android:exported
		ADDED from src\main\AndroidManifest.xml:42:75-99
	android:name
		ADDED from src\main\AndroidManifest.xml:42:135-183
manifest
ADDED from src\main\AndroidManifest.xml:2:1-77:12
INJECTED from src\main\AndroidManifest.xml:2:1-77:12
INJECTED from src\main\AndroidManifest.xml:2:1-77:12
INJECTED from src\main\AndroidManifest.xml:2:1-77:12
MERGED from [com.android.installreferrer:installreferrer:1.0] AndroidManifest.xml:2:1-13:12
MERGED from [com.appsflyer:af-android-sdk:4.8.18] AndroidManifest.xml:2:1-14:12
MERGED from [com.google.android.gms:play-services-auth:11.8.0] AndroidManifest.xml:17:1-39:12
MERGED from [com.google.android.gms:play-services-identity:11.8.0] AndroidManifest.xml:17:1-24:12
MERGED from [com.onesignal:OneSignal:3.10.3] AndroidManifest.xml:2:1-108:12
MERGED from [com.google.android.gms:play-services-analytics:11.8.0] AndroidManifest.xml:17:1-47:12
MERGED from [com.google.android.gms:play-services-auth-api-phone:11.8.0] AndroidManifest.xml:2:1-7:12
MERGED from [com.google.android.gms:play-services-auth-base:11.8.0] AndroidManifest.xml:2:1-7:12
MERGED from [com.google.android.gms:play-services-location:11.8.0] AndroidManifest.xml:2:1-9:12
MERGED from [com.google.android.gms:play-services-tagmanager-v4-impl:11.8.0] AndroidManifest.xml:17:1-24:12
MERGED from [com.google.android.gms:play-services-analytics-impl:11.8.0] AndroidManifest.xml:17:1-31:12
MERGED from [com.google.android.gms:play-services-base:11.8.0] AndroidManifest.xml:17:1-29:12
MERGED from [com.google.android.gms:play-services-ads:11.8.0] AndroidManifest.xml:17:1-25:12
MERGED from [com.google.firebase:firebase-messaging:11.8.0] AndroidManifest.xml:17:1-37:12
MERGED from [com.google.firebase:firebase-iid:11.8.0] AndroidManifest.xml:17:1-59:12
MERGED from [com.google.firebase:firebase-common:11.8.0] AndroidManifest.xml:2:1-15:12
MERGED from [com.google.android.gms:play-services-tasks:11.8.0] AndroidManifest.xml:2:1-9:12
MERGED from [com.google.android.gms:play-services-ads-lite:11.8.0] AndroidManifest.xml:17:1-36:12
MERGED from [com.google.android.gms:play-services-gass:11.8.0] AndroidManifest.xml:2:1-9:12
MERGED from [com.google.android.gms:play-services-basement:11.8.0] AndroidManifest.xml:17:1-28:12
MERGED from [com.facebook.android:facebook-android-sdk:4.37.0] AndroidManifest.xml:21:1-31:12
MERGED from [com.facebook.android:facebook-login:4.37.0] AndroidManifest.xml:21:1-31:12
MERGED from [com.facebook.android:facebook-share:4.37.0] AndroidManifest.xml:21:1-31:12
MERGED from [com.facebook.android:facebook-common:4.37.0] AndroidManifest.xml:21:1-37:12
MERGED from [com.android.support:support-v4:27.0.2] AndroidManifest.xml:17:1-22:12
MERGED from [:CordovaLib] AndroidManifest.xml:20:1-27:12
MERGED from [com.google.android.gms:play-services-identity-license:11.8.0] AndroidManifest.xml:2:1-6:12
MERGED from [com.android.support:customtabs:27.0.2] AndroidManifest.xml:17:1-22:12
MERGED from [com.android.support:support-media-compat:27.0.2] AndroidManifest.xml:17:1-22:12
MERGED from [com.android.support:appcompat-v7:27.0.2] AndroidManifest.xml:17:1-22:12
MERGED from [com.android.support:support-fragment:27.0.2] AndroidManifest.xml:17:1-22:12
MERGED from [com.facebook.android:facebook-places:4.37.0] AndroidManifest.xml:21:1-31:12
MERGED from [com.facebook.android:facebook-applinks:4.37.0] AndroidManifest.xml:21:1-31:12
MERGED from [com.facebook.android:facebook-messenger:4.37.0] AndroidManifest.xml:21:1-31:12
MERGED from [com.facebook.android:facebook-marketing:4.37.0] AndroidManifest.xml:21:1-35:12
MERGED from [com.facebook.android:facebook-core:4.37.0] AndroidManifest.xml:21:1-53:12
MERGED from [com.android.support:support-core-utils:27.0.2] AndroidManifest.xml:17:1-22:12
MERGED from [com.android.support:animated-vector-drawable:27.0.2] AndroidManifest.xml:17:1-22:12
MERGED from [com.android.support:support-core-ui:27.0.2] AndroidManifest.xml:17:1-22:12
MERGED from [com.android.support:support-vector-drawable:27.0.2] AndroidManifest.xml:17:1-22:12
MERGED from [com.android.support:support-compat:27.0.2] AndroidManifest.xml:17:1-22:12
MERGED from [com.google.android.gms:play-services-analytics-license:11.8.0] AndroidManifest.xml:2:1-6:12
MERGED from [com.google.android.gms:play-services-base-license:11.8.0] AndroidManifest.xml:2:1-6:12
MERGED from [com.google.android.gms:play-services-ads-license:11.8.0] AndroidManifest.xml:2:1-6:12
MERGED from [com.google.android.gms:play-services-auth-api-phone-license:11.8.0] AndroidManifest.xml:2:1-6:12
MERGED from [com.google.android.gms:play-services-auth-base-license:11.8.0] AndroidManifest.xml:2:1-6:12
MERGED from [com.google.android.gms:play-services-basement-license:11.8.0] AndroidManifest.xml:2:1-6:12
MERGED from [com.google.android.gms:play-services-tasks-license:11.8.0] AndroidManifest.xml:2:1-6:12
MERGED from [com.google.firebase:firebase-messaging-license:11.8.0] AndroidManifest.xml:2:1-6:12
MERGED from [com.android.support:cardview-v7:27.0.2] AndroidManifest.xml:17:1-22:12
MERGED from [com.google.android.gms:play-services-location-license:11.8.0] AndroidManifest.xml:2:1-6:12
MERGED from [android.arch.lifecycle:runtime:1.0.3] AndroidManifest.xml:17:1-24:12
MERGED from [com.google.android.gms:play-services-analytics-impl-license:11.8.0] AndroidManifest.xml:2:1-6:12
MERGED from [com.google.android.gms:play-services-tagmanager-v4-impl-license:11.8.0] AndroidManifest.xml:2:1-6:12
MERGED from [com.google.android.gms:play-services-ads-lite-license:11.8.0] AndroidManifest.xml:2:1-6:12
MERGED from [com.google.android.gms:play-services-gass-license:11.8.0] AndroidManifest.xml:2:1-6:12
MERGED from [com.google.firebase:firebase-iid-license:11.8.0] AndroidManifest.xml:2:1-6:12
MERGED from [com.google.firebase:firebase-common-license:11.8.0] AndroidManifest.xml:2:1-6:12
INJECTED from src\main\AndroidManifest.xml:2:1-77:12
INJECTED from src\main\AndroidManifest.xml:2:1-77:12
INJECTED from src\main\AndroidManifest.xml:2:1-77:12
	package
		ADDED from src\main\AndroidManifest.xml:2:102-138
		INJECTED from src\main\AndroidManifest.xml
		INJECTED from src\main\AndroidManifest.xml
	android:versionName
		ADDED from src\main\AndroidManifest.xml:2:74-101
		INJECTED from src\main\AndroidManifest.xml
		INJECTED from src\main\AndroidManifest.xml
	android:hardwareAccelerated
		ADDED from src\main\AndroidManifest.xml:2:11-45
	xmlns:android
		ADDED from src\main\AndroidManifest.xml:2:139-197
	android:versionCode
		ADDED from src\main\AndroidManifest.xml:2:46-73
		INJECTED from src\main\AndroidManifest.xml
		INJECTED from src\main\AndroidManifest.xml
supports-screens
ADDED from src\main\AndroidManifest.xml:3:5-191
	android:largeScreens
		ADDED from src\main\AndroidManifest.xml:3:49-76
	android:smallScreens
		ADDED from src\main\AndroidManifest.xml:3:132-159
	android:normalScreens
		ADDED from src\main\AndroidManifest.xml:3:77-105
	android:xlargeScreens
		ADDED from src\main\AndroidManifest.xml:3:160-188
	android:resizeable
		ADDED from src\main\AndroidManifest.xml:3:106-131
	android:anyDensity
		ADDED from src\main\AndroidManifest.xml:3:23-48
uses-permission#android.permission.INTERNET
ADDED from src\main\AndroidManifest.xml:4:5-67
MERGED from [com.onesignal:OneSignal:3.10.3] AndroidManifest.xml:17:5-67
MERGED from [com.onesignal:OneSignal:3.10.3] AndroidManifest.xml:17:5-67
MERGED from [com.google.android.gms:play-services-analytics:11.8.0] AndroidManifest.xml:23:5-67
MERGED from [com.google.android.gms:play-services-analytics:11.8.0] AndroidManifest.xml:23:5-67
MERGED from [com.google.android.gms:play-services-analytics-impl:11.8.0] AndroidManifest.xml:23:5-67
MERGED from [com.google.android.gms:play-services-analytics-impl:11.8.0] AndroidManifest.xml:23:5-67
MERGED from [com.google.firebase:firebase-iid:11.8.0] AndroidManifest.xml:23:5-67
MERGED from [com.google.firebase:firebase-iid:11.8.0] AndroidManifest.xml:23:5-67
MERGED from [com.google.android.gms:play-services-ads-lite:11.8.0] AndroidManifest.xml:23:5-67
MERGED from [com.google.android.gms:play-services-ads-lite:11.8.0] AndroidManifest.xml:23:5-67
	android:name
		ADDED from src\main\AndroidManifest.xml:4:22-64
application
ADDED from src\main\AndroidManifest.xml:5:5-66:19
MERGED from [com.android.installreferrer:installreferrer:1.0] AndroidManifest.xml:11:5-20
MERGED from [com.android.installreferrer:installreferrer:1.0] AndroidManifest.xml:11:5-20
MERGED from [com.appsflyer:af-android-sdk:4.8.18] AndroidManifest.xml:11:5-12:19
MERGED from [com.appsflyer:af-android-sdk:4.8.18] AndroidManifest.xml:11:5-12:19
MERGED from [com.google.android.gms:play-services-auth:11.8.0] AndroidManifest.xml:22:5-37:19
MERGED from [com.google.android.gms:play-services-auth:11.8.0] AndroidManifest.xml:22:5-37:19
MERGED from [com.google.android.gms:play-services-identity:11.8.0] AndroidManifest.xml:22:5-20
MERGED from [com.google.android.gms:play-services-identity:11.8.0] AndroidManifest.xml:22:5-20
MERGED from [com.onesignal:OneSignal:3.10.3] AndroidManifest.xml:49:5-106:19
MERGED from [com.onesignal:OneSignal:3.10.3] AndroidManifest.xml:49:5-106:19
MERGED from [com.google.android.gms:play-services-analytics:11.8.0] AndroidManifest.xml:29:5-45:19
MERGED from [com.google.android.gms:play-services-analytics:11.8.0] AndroidManifest.xml:29:5-45:19
MERGED from [com.google.android.gms:play-services-location:11.8.0] AndroidManifest.xml:7:5-20
MERGED from [com.google.android.gms:play-services-location:11.8.0] AndroidManifest.xml:7:5-20
MERGED from [com.google.android.gms:play-services-tagmanager-v4-impl:11.8.0] AndroidManifest.xml:22:5-20
MERGED from [com.google.android.gms:play-services-tagmanager-v4-impl:11.8.0] AndroidManifest.xml:22:5-20
MERGED from [com.google.android.gms:play-services-analytics-impl:11.8.0] AndroidManifest.xml:29:5-20
MERGED from [com.google.android.gms:play-services-analytics-impl:11.8.0] AndroidManifest.xml:29:5-20
MERGED from [com.google.android.gms:play-services-base:11.8.0] AndroidManifest.xml:22:5-27:19
MERGED from [com.google.android.gms:play-services-base:11.8.0] AndroidManifest.xml:22:5-27:19
MERGED from [com.google.firebase:firebase-messaging:11.8.0] AndroidManifest.xml:22:5-35:19
MERGED from [com.google.firebase:firebase-messaging:11.8.0] AndroidManifest.xml:22:5-35:19
MERGED from [com.google.firebase:firebase-iid:11.8.0] AndroidManifest.xml:34:5-57:19
MERGED from [com.google.firebase:firebase-iid:11.8.0] AndroidManifest.xml:34:5-57:19
MERGED from [com.google.firebase:firebase-common:11.8.0] AndroidManifest.xml:7:5-13:19
MERGED from [com.google.firebase:firebase-common:11.8.0] AndroidManifest.xml:7:5-13:19
MERGED from [com.google.android.gms:play-services-tasks:11.8.0] AndroidManifest.xml:7:5-20
MERGED from [com.google.android.gms:play-services-tasks:11.8.0] AndroidManifest.xml:7:5-20
MERGED from [com.google.android.gms:play-services-ads-lite:11.8.0] AndroidManifest.xml:26:5-34:19
MERGED from [com.google.android.gms:play-services-ads-lite:11.8.0] AndroidManifest.xml:26:5-34:19
MERGED from [com.google.android.gms:play-services-gass:11.8.0] AndroidManifest.xml:7:5-20
MERGED from [com.google.android.gms:play-services-gass:11.8.0] AndroidManifest.xml:7:5-20
MERGED from [com.google.android.gms:play-services-basement:11.8.0] AndroidManifest.xml:22:5-26:19
MERGED from [com.google.android.gms:play-services-basement:11.8.0] AndroidManifest.xml:22:5-26:19
MERGED from [com.facebook.android:facebook-android-sdk:4.37.0] AndroidManifest.xml:28:5-29:19
MERGED from [com.facebook.android:facebook-android-sdk:4.37.0] AndroidManifest.xml:28:5-29:19
MERGED from [com.facebook.android:facebook-login:4.37.0] AndroidManifest.xml:28:5-29:19
MERGED from [com.facebook.android:facebook-login:4.37.0] AndroidManifest.xml:28:5-29:19
MERGED from [com.facebook.android:facebook-share:4.37.0] AndroidManifest.xml:28:5-29:19
MERGED from [com.facebook.android:facebook-share:4.37.0] AndroidManifest.xml:28:5-29:19
MERGED from [com.facebook.android:facebook-common:4.37.0] AndroidManifest.xml:28:5-35:19
MERGED from [com.facebook.android:facebook-common:4.37.0] AndroidManifest.xml:28:5-35:19
MERGED from [com.google.android.gms:play-services-identity-license:11.8.0] AndroidManifest.xml:5:5-20
MERGED from [com.google.android.gms:play-services-identity-license:11.8.0] AndroidManifest.xml:5:5-20
MERGED from [com.facebook.android:facebook-places:4.37.0] AndroidManifest.xml:28:5-29:19
MERGED from [com.facebook.android:facebook-places:4.37.0] AndroidManifest.xml:28:5-29:19
MERGED from [com.facebook.android:facebook-applinks:4.37.0] AndroidManifest.xml:28:5-29:19
MERGED from [com.facebook.android:facebook-applinks:4.37.0] AndroidManifest.xml:28:5-29:19
MERGED from [com.facebook.android:facebook-messenger:4.37.0] AndroidManifest.xml:28:5-29:19
MERGED from [com.facebook.android:facebook-messenger:4.37.0] AndroidManifest.xml:28:5-29:19
MERGED from [com.facebook.android:facebook-marketing:4.37.0] AndroidManifest.xml:28:5-33:19
MERGED from [com.facebook.android:facebook-marketing:4.37.0] AndroidManifest.xml:28:5-33:19
MERGED from [com.facebook.android:facebook-core:4.37.0] AndroidManifest.xml:28:5-51:19
MERGED from [com.facebook.android:facebook-core:4.37.0] AndroidManifest.xml:28:5-51:19
MERGED from [com.google.android.gms:play-services-analytics-license:11.8.0] AndroidManifest.xml:5:5-20
MERGED from [com.google.android.gms:play-services-analytics-license:11.8.0] AndroidManifest.xml:5:5-20
MERGED from [com.google.android.gms:play-services-base-license:11.8.0] AndroidManifest.xml:5:5-20
MERGED from [com.google.android.gms:play-services-base-license:11.8.0] AndroidManifest.xml:5:5-20
MERGED from [com.google.android.gms:play-services-ads-license:11.8.0] AndroidManifest.xml:5:5-20
MERGED from [com.google.android.gms:play-services-ads-license:11.8.0] AndroidManifest.xml:5:5-20
MERGED from [com.google.android.gms:play-services-auth-api-phone-license:11.8.0] AndroidManifest.xml:5:5-20
MERGED from [com.google.android.gms:play-services-auth-api-phone-license:11.8.0] AndroidManifest.xml:5:5-20
MERGED from [com.google.android.gms:play-services-auth-base-license:11.8.0] AndroidManifest.xml:5:5-20
MERGED from [com.google.android.gms:play-services-auth-base-license:11.8.0] AndroidManifest.xml:5:5-20
MERGED from [com.google.android.gms:play-services-basement-license:11.8.0] AndroidManifest.xml:5:5-20
MERGED from [com.google.android.gms:play-services-basement-license:11.8.0] AndroidManifest.xml:5:5-20
MERGED from [com.google.android.gms:play-services-tasks-license:11.8.0] AndroidManifest.xml:5:5-20
MERGED from [com.google.android.gms:play-services-tasks-license:11.8.0] AndroidManifest.xml:5:5-20
MERGED from [com.google.firebase:firebase-messaging-license:11.8.0] AndroidManifest.xml:5:5-20
MERGED from [com.google.firebase:firebase-messaging-license:11.8.0] AndroidManifest.xml:5:5-20
MERGED from [com.google.android.gms:play-services-location-license:11.8.0] AndroidManifest.xml:5:5-20
MERGED from [com.google.android.gms:play-services-location-license:11.8.0] AndroidManifest.xml:5:5-20
MERGED from [com.google.android.gms:play-services-analytics-impl-license:11.8.0] AndroidManifest.xml:5:5-20
MERGED from [com.google.android.gms:play-services-analytics-impl-license:11.8.0] AndroidManifest.xml:5:5-20
MERGED from [com.google.android.gms:play-services-tagmanager-v4-impl-license:11.8.0] AndroidManifest.xml:5:5-20
MERGED from [com.google.android.gms:play-services-tagmanager-v4-impl-license:11.8.0] AndroidManifest.xml:5:5-20
MERGED from [com.google.android.gms:play-services-ads-lite-license:11.8.0] AndroidManifest.xml:5:5-20
MERGED from [com.google.android.gms:play-services-ads-lite-license:11.8.0] AndroidManifest.xml:5:5-20
MERGED from [com.google.android.gms:play-services-gass-license:11.8.0] AndroidManifest.xml:5:5-20
MERGED from [com.google.android.gms:play-services-gass-license:11.8.0] AndroidManifest.xml:5:5-20
MERGED from [com.google.firebase:firebase-iid-license:11.8.0] AndroidManifest.xml:5:5-20
MERGED from [com.google.firebase:firebase-iid-license:11.8.0] AndroidManifest.xml:5:5-20
MERGED from [com.google.firebase:firebase-common-license:11.8.0] AndroidManifest.xml:5:5-20
MERGED from [com.google.firebase:firebase-common-license:11.8.0] AndroidManifest.xml:5:5-20
	android:supportsRtl
		ADDED from src\main\AndroidManifest.xml:5:114-140
	android:label
		ADDED from src\main\AndroidManifest.xml:5:81-113
	android:hardwareAccelerated
		ADDED from src\main\AndroidManifest.xml:5:18-52
	android:icon
		ADDED from src\main\AndroidManifest.xml:5:53-80
activity#com.interactive_crypto.app.MainActivity
ADDED from src\main\AndroidManifest.xml:6:9-27:20
	android:label
		ADDED from src\main\AndroidManifest.xml:6:97-134
	android:launchMode
		ADDED from src\main\AndroidManifest.xml:6:135-165
	android:windowSoftInputMode
		ADDED from src\main\AndroidManifest.xml:6:257-299
	android:configChanges
		ADDED from src\main\AndroidManifest.xml:6:19-96
	android:theme
		ADDED from src\main\AndroidManifest.xml:6:194-256
	android:name
		ADDED from src\main\AndroidManifest.xml:6:166-193
intent-filter#android.intent.action.MAIN+android.intent.category.LAUNCHER
ADDED from src\main\AndroidManifest.xml:7:13-10:29
	android:label
		ADDED from src\main\AndroidManifest.xml:7:28-65
action#android.intent.action.MAIN
ADDED from src\main\AndroidManifest.xml:8:17-69
	android:name
		ADDED from src\main\AndroidManifest.xml:8:25-66
category#android.intent.category.LAUNCHER
ADDED from src\main\AndroidManifest.xml:9:17-77
	android:name
		ADDED from src\main\AndroidManifest.xml:9:27-74
intent-filter#android.intent.action.VIEW+android.intent.category.BROWSABLE+android.intent.category.DEFAULT
ADDED from src\main\AndroidManifest.xml:11:13-16:29
	android:autoVerify
		ADDED from src\main\AndroidManifest.xml:17:28-53
action#android.intent.action.VIEW
ADDED from src\main\AndroidManifest.xml:12:17-69
	android:name
		ADDED from src\main\AndroidManifest.xml:12:25-66
category#android.intent.category.DEFAULT
ADDED from src\main\AndroidManifest.xml:13:17-76
	android:name
		ADDED from src\main\AndroidManifest.xml:13:27-73
category#android.intent.category.BROWSABLE
ADDED from src\main\AndroidManifest.xml:14:17-78
	android:name
		ADDED from src\main\AndroidManifest.xml:14:27-75
data
ADDED from src\main\AndroidManifest.xml:15:17-60
	android:host
		ADDED from src\main\AndroidManifest.xml:21:23-59
	android:scheme
		ADDED from src\main\AndroidManifest.xml:15:23-57
	android:pathPrefix
		ADDED from src\main\AndroidManifest.xml:21:60-82
amazon:enable-feature
ADDED from src\main\AndroidManifest.xml:28:9-159
	xmlns:amazon
		ADDED from src\main\AndroidManifest.xml:28:100-156
	android:required
		ADDED from src\main\AndroidManifest.xml:28:75-99
	android:name
		ADDED from src\main\AndroidManifest.xml:28:32-74
service#com.onesignal.ADMMessageHandler
ADDED from src\main\AndroidManifest.xml:29:9-92
	android:exported
		ADDED from src\main\AndroidManifest.xml:29:18-42
	android:name
		ADDED from src\main\AndroidManifest.xml:29:43-89
receiver#com.onesignal.ADMMessageHandler$Receiver
ADDED from src\main\AndroidManifest.xml:30:9-36:20
	android:permission
		ADDED from src\main\AndroidManifest.xml:30:75-139
	android:name
		ADDED from src\main\AndroidManifest.xml:30:19-74
intent-filter#com.amazon.device.messaging.intent.RECEIVE+com.amazon.device.messaging.intent.REGISTRATION+com.interactive_crypto.app
ADDED from src\main\AndroidManifest.xml:31:13-35:29
action#com.amazon.device.messaging.intent.REGISTRATION
ADDED from src\main\AndroidManifest.xml:32:17-90
	android:name
		ADDED from src\main\AndroidManifest.xml:32:25-87
action#com.amazon.device.messaging.intent.RECEIVE
ADDED from src\main\AndroidManifest.xml:33:17-85
	android:name
		ADDED from src\main\AndroidManifest.xml:33:25-82
category#com.interactive_crypto.app
ADDED from src\main\AndroidManifest.xml:34:17-71
	android:name
		ADDED from src\main\AndroidManifest.xml:34:27-68
receiver#nl.xservices.plugins.ShareChooserPendingIntent
ADDED from src\main\AndroidManifest.xml:37:9-41:20
	android:enabled
		ADDED from src\main\AndroidManifest.xml:37:19-41
	android:name
		ADDED from src\main\AndroidManifest.xml:37:42-103
intent-filter#android.intent.action.SEND
ADDED from src\main\AndroidManifest.xml:38:13-40:29
action#android.intent.action.SEND
ADDED from src\main\AndroidManifest.xml:39:17-69
	android:name
		ADDED from src\main\AndroidManifest.xml:39:25-66
receiver#com.google.android.gms.analytics.AnalyticsReceiver
ADDED from src\main\AndroidManifest.xml:45:9-49:20
MERGED from [com.google.android.gms:play-services-analytics:11.8.0] AndroidManifest.xml:30:9-34:20
MERGED from [com.google.android.gms:play-services-analytics:11.8.0] AndroidManifest.xml:30:9-34:20
	android:enabled
		ADDED from src\main\AndroidManifest.xml:45:19-41
	android:exported
		ADDED from [com.google.android.gms:play-services-analytics:11.8.0] AndroidManifest.xml:33:13-37
	android:name
		ADDED from src\main\AndroidManifest.xml:45:42-107
intent-filter#com.google.android.gms.analytics.ANALYTICS_DISPATCH
ADDED from src\main\AndroidManifest.xml:46:13-48:29
action#com.google.android.gms.analytics.ANALYTICS_DISPATCH
ADDED from src\main\AndroidManifest.xml:47:17-94
	android:name
		ADDED from src\main\AndroidManifest.xml:47:25-91
service#com.google.android.gms.analytics.AnalyticsService
ADDED from src\main\AndroidManifest.xml:50:9-133
MERGED from [com.google.android.gms:play-services-analytics:11.8.0] AndroidManifest.xml:36:9-39:40
MERGED from [com.google.android.gms:play-services-analytics:11.8.0] AndroidManifest.xml:36:9-39:40
	android:enabled
		ADDED from src\main\AndroidManifest.xml:50:18-40
	android:exported
		ADDED from src\main\AndroidManifest.xml:50:41-65
	android:name
		ADDED from src\main\AndroidManifest.xml:50:66-130
receiver#com.google.android.gms.analytics.CampaignTrackingReceiver
ADDED from src\main\AndroidManifest.xml:51:9-55:20
	android:enabled
		ADDED from src\main\AndroidManifest.xml:51:19-41
	android:exported
		ADDED from src\main\AndroidManifest.xml:51:42-65
	android:name
		ADDED from src\main\AndroidManifest.xml:51:66-138
intent-filter#com.android.vending.INSTALL_REFERRER
ADDED from src\main\AndroidManifest.xml:52:13-54:29
action#com.android.vending.INSTALL_REFERRER
ADDED from src\main\AndroidManifest.xml:53:17-79
	android:name
		ADDED from src\main\AndroidManifest.xml:53:25-76
service#com.google.android.gms.analytics.CampaignTrackingService
ADDED from src\main\AndroidManifest.xml:56:9-140
	android:enabled
		ADDED from src\main\AndroidManifest.xml:56:18-40
	android:exported
		ADDED from src\main\AndroidManifest.xml:56:41-65
	android:name
		ADDED from src\main\AndroidManifest.xml:56:66-137
receiver#com.appsflyer.MultipleInstallBroadcastReceiver
ADDED from src\main\AndroidManifest.xml:57:9-61:20
	android:exported
		ADDED from src\main\AndroidManifest.xml:57:19-42
	android:name
		ADDED from src\main\AndroidManifest.xml:57:43-104
activity#com.google.android.gms.ads.AdActivity
ADDED from src\main\AndroidManifest.xml:62:9-233
MERGED from [com.google.android.gms:play-services-ads-lite:11.8.0] AndroidManifest.xml:29:9-33:64
MERGED from [com.google.android.gms:play-services-ads-lite:11.8.0] AndroidManifest.xml:29:9-33:64
	android:exported
		ADDED from [com.google.android.gms:play-services-ads-lite:11.8.0] AndroidManifest.xml:32:13-37
	android:configChanges
		ADDED from src\main\AndroidManifest.xml:62:19-128
	android:theme
		ADDED from src\main\AndroidManifest.xml:62:182-230
	android:name
		ADDED from src\main\AndroidManifest.xml:62:129-181
meta-data#com.facebook.sdk.ApplicationId
ADDED from src\main\AndroidManifest.xml:63:9-102
	android:value
		ADDED from src\main\AndroidManifest.xml:63:66-99
	android:name
		ADDED from src\main\AndroidManifest.xml:63:20-65
meta-data#com.facebook.sdk.ApplicationName
ADDED from src\main\AndroidManifest.xml:64:9-106
	android:value
		ADDED from src\main\AndroidManifest.xml:64:68-103
	android:name
		ADDED from src\main\AndroidManifest.xml:64:20-67
activity#com.facebook.FacebookActivity
ADDED from src\main\AndroidManifest.xml:65:9-186
MERGED from [com.facebook.android:facebook-common:4.37.0] AndroidManifest.xml:29:9-32:66
MERGED from [com.facebook.android:facebook-common:4.37.0] AndroidManifest.xml:29:9-32:66
	android:label
		ADDED from src\main\AndroidManifest.xml:65:103-138
	android:configChanges
		ADDED from src\main\AndroidManifest.xml:65:19-102
	android:theme
		ADDED from [com.facebook.android:facebook-common:4.37.0] AndroidManifest.xml:32:13-63
	android:name
		ADDED from src\main\AndroidManifest.xml:65:139-183
uses-sdk
ADDED from src\main\AndroidManifest.xml:67:5-74
MERGED from [com.android.installreferrer:installreferrer:1.0] AndroidManifest.xml:5:5-7:41
MERGED from [com.android.installreferrer:installreferrer:1.0] AndroidManifest.xml:5:5-7:41
MERGED from [com.appsflyer:af-android-sdk:4.8.18] AndroidManifest.xml:7:5-43
MERGED from [com.appsflyer:af-android-sdk:4.8.18] AndroidManifest.xml:7:5-43
MERGED from [com.google.android.gms:play-services-auth:11.8.0] AndroidManifest.xml:20:5-44
MERGED from [com.google.android.gms:play-services-auth:11.8.0] AndroidManifest.xml:20:5-44
MERGED from [com.google.android.gms:play-services-identity:11.8.0] AndroidManifest.xml:20:5-44
MERGED from [com.google.android.gms:play-services-identity:11.8.0] AndroidManifest.xml:20:5-44
MERGED from [com.onesignal:OneSignal:3.10.3] AndroidManifest.xml:5:5-44
MERGED from [com.onesignal:OneSignal:3.10.3] AndroidManifest.xml:5:5-44
MERGED from [com.google.android.gms:play-services-analytics:11.8.0] AndroidManifest.xml:20:5-44
MERGED from [com.google.android.gms:play-services-analytics:11.8.0] AndroidManifest.xml:20:5-44
MERGED from [com.google.android.gms:play-services-auth-api-phone:11.8.0] AndroidManifest.xml:5:5-44
MERGED from [com.google.android.gms:play-services-auth-api-phone:11.8.0] AndroidManifest.xml:5:5-44
MERGED from [com.google.android.gms:play-services-auth-base:11.8.0] AndroidManifest.xml:5:5-44
MERGED from [com.google.android.gms:play-services-auth-base:11.8.0] AndroidManifest.xml:5:5-44
MERGED from [com.google.android.gms:play-services-location:11.8.0] AndroidManifest.xml:5:5-44
MERGED from [com.google.android.gms:play-services-location:11.8.0] AndroidManifest.xml:5:5-44
MERGED from [com.google.android.gms:play-services-tagmanager-v4-impl:11.8.0] AndroidManifest.xml:20:5-44
MERGED from [com.google.android.gms:play-services-tagmanager-v4-impl:11.8.0] AndroidManifest.xml:20:5-44
MERGED from [com.google.android.gms:play-services-analytics-impl:11.8.0] AndroidManifest.xml:20:5-44
MERGED from [com.google.android.gms:play-services-analytics-impl:11.8.0] AndroidManifest.xml:20:5-44
MERGED from [com.google.android.gms:play-services-base:11.8.0] AndroidManifest.xml:20:5-44
MERGED from [com.google.android.gms:play-services-base:11.8.0] AndroidManifest.xml:20:5-44
MERGED from [com.google.android.gms:play-services-ads:11.8.0] AndroidManifest.xml:21:5-23:62
MERGED from [com.google.android.gms:play-services-ads:11.8.0] AndroidManifest.xml:21:5-23:62
MERGED from [com.google.firebase:firebase-messaging:11.8.0] AndroidManifest.xml:20:5-44
MERGED from [com.google.firebase:firebase-messaging:11.8.0] AndroidManifest.xml:20:5-44
MERGED from [com.google.firebase:firebase-iid:11.8.0] AndroidManifest.xml:20:5-44
MERGED from [com.google.firebase:firebase-iid:11.8.0] AndroidManifest.xml:20:5-44
MERGED from [com.google.firebase:firebase-common:11.8.0] AndroidManifest.xml:5:5-44
MERGED from [com.google.firebase:firebase-common:11.8.0] AndroidManifest.xml:5:5-44
MERGED from [com.google.android.gms:play-services-tasks:11.8.0] AndroidManifest.xml:5:5-44
MERGED from [com.google.android.gms:play-services-tasks:11.8.0] AndroidManifest.xml:5:5-44
MERGED from [com.google.android.gms:play-services-ads-lite:11.8.0] AndroidManifest.xml:20:5-44
MERGED from [com.google.android.gms:play-services-ads-lite:11.8.0] AndroidManifest.xml:20:5-44
MERGED from [com.google.android.gms:play-services-gass:11.8.0] AndroidManifest.xml:5:5-44
MERGED from [com.google.android.gms:play-services-gass:11.8.0] AndroidManifest.xml:5:5-44
MERGED from [com.google.android.gms:play-services-basement:11.8.0] AndroidManifest.xml:20:5-44
MERGED from [com.google.android.gms:play-services-basement:11.8.0] AndroidManifest.xml:20:5-44
MERGED from [com.facebook.android:facebook-android-sdk:4.37.0] AndroidManifest.xml:24:5-26:41
MERGED from [com.facebook.android:facebook-android-sdk:4.37.0] AndroidManifest.xml:24:5-26:41
MERGED from [com.facebook.android:facebook-login:4.37.0] AndroidManifest.xml:24:5-26:41
MERGED from [com.facebook.android:facebook-login:4.37.0] AndroidManifest.xml:24:5-26:41
MERGED from [com.facebook.android:facebook-share:4.37.0] AndroidManifest.xml:24:5-26:41
MERGED from [com.facebook.android:facebook-share:4.37.0] AndroidManifest.xml:24:5-26:41
MERGED from [com.facebook.android:facebook-common:4.37.0] AndroidManifest.xml:24:5-26:41
MERGED from [com.facebook.android:facebook-common:4.37.0] AndroidManifest.xml:24:5-26:41
MERGED from [com.android.support:support-v4:27.0.2] AndroidManifest.xml:20:5-44
MERGED from [com.android.support:support-v4:27.0.2] AndroidManifest.xml:20:5-44
MERGED from [:CordovaLib] AndroidManifest.xml:25:5-44
MERGED from [:CordovaLib] AndroidManifest.xml:25:5-44
MERGED from [com.google.android.gms:play-services-identity-license:11.8.0] AndroidManifest.xml:4:5-43
MERGED from [com.google.android.gms:play-services-identity-license:11.8.0] AndroidManifest.xml:4:5-43
MERGED from [com.android.support:customtabs:27.0.2] AndroidManifest.xml:20:5-44
MERGED from [com.android.support:customtabs:27.0.2] AndroidManifest.xml:20:5-44
MERGED from [com.android.support:support-media-compat:27.0.2] AndroidManifest.xml:20:5-44